d:\gitproject\mfc_neptunecsample\neptunecsample\debug\win32\neptunecsample.pch
d:\gitproject\mfc_neptunecsample\neptunecsample\debug\win32\vc141.pdb
d:\gitproject\mfc_neptunecsample\neptunecsample\debug\win32\vc141.idb
d:\gitproject\mfc_neptunecsample\neptunecsample\debug\win32\stdafx.obj
d:\gitproject\mfc_neptunecsample\neptunecsample\debug\win32\popupusersetdlg.obj
d:\gitproject\mfc_neptunecsample\neptunecsample\debug\win32\popuptriggerdlg.obj
d:\gitproject\mfc_neptunecsample\neptunecsample\debug\win32\popupstrobedlg.obj
d:\gitproject\mfc_neptunecsample\neptunecsample\debug\win32\popupsioctrldlg.obj
d:\gitproject\mfc_neptunecsample\neptunecsample\debug\win32\popupresolutiondlg.obj
d:\gitproject\mfc_neptunecsample\neptunecsample\debug\win32\popuplutdlg.obj
d:\gitproject\mfc_neptunecsample\neptunecsample\debug\win32\popupgrabdlg.obj
d:\gitproject\mfc_neptunecsample\neptunecsample\debug\win32\popupframesavedlg.obj
d:\gitproject\mfc_neptunecsample\neptunecsample\debug\win32\popupfeaturedlg.obj
d:\gitproject\mfc_neptunecsample\neptunecsample\debug\win32\popupcapturedlg.obj
d:\gitproject\mfc_neptunecsample\neptunecsample\debug\win32\popupbasedialog.obj
d:\gitproject\mfc_neptunecsample\neptunecsample\debug\win32\popupautofocusdlg.obj
d:\gitproject\mfc_neptunecsample\neptunecsample\debug\win32\neptunecsampledlg.obj
d:\gitproject\mfc_neptunecsample\neptunecsample\debug\win32\neptunecsample.obj
d:\gitproject\mfc_neptunecsample\neptunecsample\debug\win32\lutwnd.obj
d:\gitproject\mfc_neptunecsample\debug\win32\neptunecsample.exe
d:\gitproject\mfc_neptunecsample\debug\win32\neptunecsample.ilk
d:\gitproject\mfc_neptunecsample\debug\win32\neptunecsample.pdb
d:\gitproject\mfc_neptunecsample\neptunecsample\debug\win32\neptunecsample.res
d:\gitproject\mfc_neptunecsample\neptunecsample\debug\win32\neptunecsample.tlog\cl.command.1.tlog
d:\gitproject\mfc_neptunecsample\neptunecsample\debug\win32\neptunecsample.tlog\cl.read.1.tlog
d:\gitproject\mfc_neptunecsample\neptunecsample\debug\win32\neptunecsample.tlog\cl.write.1.tlog
d:\gitproject\mfc_neptunecsample\neptunecsample\debug\win32\neptunecsample.tlog\link.command.1.tlog
d:\gitproject\mfc_neptunecsample\neptunecsample\debug\win32\neptunecsample.tlog\link.read.1.tlog
d:\gitproject\mfc_neptunecsample\neptunecsample\debug\win32\neptunecsample.tlog\link.write.1.tlog
d:\gitproject\mfc_neptunecsample\neptunecsample\debug\win32\neptunecsample.tlog\rc.command.1.tlog
d:\gitproject\mfc_neptunecsample\neptunecsample\debug\win32\neptunecsample.tlog\rc.read.1.tlog
d:\gitproject\mfc_neptunecsample\neptunecsample\debug\win32\neptunecsample.tlog\rc.write.1.tlog
